[  342.049522] length 100000
[  342.050585] config 0 34
[  342.051573] config 1 12
[  342.052514] config 2 e8
[  342.053463] config 3 11
[  342.054321] config 4 3
[  342.055157] config 5 1
[  342.055927] config 6 10
[  342.056728] config 7 0
[  342.057490] config 8 10
[  342.058229] config 9 0
[  342.058936] config a ff
[  342.059664] config b 0
[  342.060404] config c 0
[  342.061154] config d 0
[  342.061885] config e 0
[  342.062602] config f 0
[  342.063284] config 10 0
[  342.063932] config 11 0
[  342.064518] config 12 a0
[  342.065128] config 13 fe
[  342.065666] config 14 0
[  342.066182] config 15 0
[  342.066664] config 16 0
[  342.067172] config 17 0
[  342.067653] config 18 0
[  342.068089] config 19 0
[  342.068486] config 1a 0
[  342.068890] config 1b 0
[  342.069290] config 1c 0
[  342.069615] config 1d 0
[  342.069928] config 1e 0
[  342.070249] config 1f 0
[  342.070576] config 20 0
[  342.070857] config 21 0
[  342.071142] config 22 0
[  342.071422] config 23 0
[  342.071704] config 24 0
[  342.071985] config 25 0
[  342.072268] config 26 0
[  342.072517] config 27 0
[  342.072728] config 28 0
[  342.072947] config 29 0
[  342.073173] config 2a 0
[  342.073393] config 2b 0
[  342.073618] config 2c f4
[  342.073847] config 2d 1a
[  342.074076] config 2e 0
[  342.074295] config 2f 11
[  342.074516] config 30 0
[  342.074738] config 31 0
[  342.074965] config 32 0
[  342.075195] config 33 0
[  342.075420] config 34 40
[  342.075647] config 35 0
[  342.075863] config 36 0
[  342.076086] config 37 0
[  342.076306] config 38 0
[  342.076522] config 39 0
[  342.076743] config 3a 0
[  342.076960] config 3b 0
[  342.077184] config 3c a
[  342.077410] config 3d 1
[  342.077636] config 3e 0
[  342.077862] config 3f 0
[  342.078086] dev->irq b
[  342.078306] io 0 10000ed
[  342.078537] io 4 0
[  342.078739] io 8 0
[  342.078939] io c ffffffff
[  342.079179] io 10 ffffffff
[  342.079432] io 14 ffffffff
[  342.079695] io 18 ffffffff
[  342.079945] io 1c ffffffff
[  342.080185] io 20 0
[  342.080387] io 24 0
[  342.080587] io 28 ffffffff
[  342.080825] io 2c ffffffff
[  342.081065] io 30 ffffffff
[  342.081300] io 34 ffffffff
[  342.081564] io 38 ffffffff
[  342.081822] io 3c ffffffff
[  342.082083] io 40 ffffffff
[  342.082341] io 44 ffffffff
[  342.082592] io 48 ffffffff
[  342.082844] io 4c ffffffff
[  342.083111] io 50 ffffffff
[  342.083370] io 54 ffffffff
[  342.083618] io 58 ffffffff
[  342.083858] io 5c ffffffff
[  342.084098] io 60 ffffffff
[  342.084337] io 64 ffffffff
[  342.084579] io 68 ffffffff
[  342.084815] io 6c ffffffff
[  342.085059] io 70 ffffffff
[  342.085301] io 74 ffffffff
[  342.085560] io 78 ffffffff
[  342.085822] io 7c ffffffff
[  342.086083] io 80 0
[  342.086286] io 84 ffffffff
[  342.086524] io 88 0
[  342.086731] io 8c ffffffff
[  342.086989] io 90 0
[  342.087199] io 94 ffffffff
[  342.087556] irq_handler irq = 11 dev = 248 irq_status = 12345678
[  343.104065] receive a FACTORIAL interrupter!
[  343.106000] irq_handler irq = 11 dev = 248 irq_status = 1
[  344.127415] computing result 375f00
[  344.227616] receive a DMA read interrupter!
[  344.229118] irq_handler irq = 11 dev = 248 irq_status = 100
[  346.252522] receive a DMA read interrupter!
[  346.253616] irq_handler irq = 11 dev = 248 irq_status = 100
